Compiled jquery.js  (1ms)  (pid 21303)
Compiled jquery_ujs.js  (0ms)  (pid 21303)
Compiled users.js  (143ms)  (pid 21303)
Compiled welcome.js  (1ms)  (pid 21303)
Compiled application.js  (173ms)  (pid 21303)
Compiled bootstrap.css  (0ms)  (pid 21303)
Compiled application/base.css  (361ms)  (pid 21303)
Compiled application/modules/header.css  (1758ms)  (pid 21303)
Compiled application/modules/role.css  (1ms)  (pid 21303)
Compiled styles.css  (0ms)  (pid 21303)
Compiled users.css  (1ms)  (pid 21303)
Compiled welcome.css  (59ms)  (pid 21303)
Compiled application.css  (2216ms)  (pid 21303)
Compiled jquery.js  (1ms)  (pid 21835)
Compiled jquery_ujs.js  (0ms)  (pid 21835)
Compiled users.js  (56ms)  (pid 21835)
Compiled welcome.js  (1ms)  (pid 21835)
Compiled application.js  (70ms)  (pid 21835)
WARNING on line 5 of /home/ror/webletess/app/assets/stylesheets/application/base.sass:
This selector doesn't have any properties and will not be rendered.
WARNING on line 11 of /home/ror/webletess/app/assets/stylesheets/application/base.sass:
This selector doesn't have any properties and will not be rendered.
WARNING on line 14 of /home/ror/webletess/app/assets/stylesheets/application/base.sass:
This selector doesn't have any properties and will not be rendered.
WARNING on line 18 of /home/ror/webletess/app/assets/stylesheets/application/base.sass:
This selector doesn't have any properties and will not be rendered.
WARNING on line 24 of /home/ror/webletess/app/assets/stylesheets/application/base.sass:
This selector doesn't have any properties and will not be rendered.
WARNING on line 31 of /home/ror/webletess/app/assets/stylesheets/application/base.sass:
This selector doesn't have any properties and will not be rendered.
Compiled bootstrap.css  (0ms)  (pid 21835)
Compiled jquery.js  (1ms)  (pid 21851)
Compiled jquery_ujs.js  (0ms)  (pid 21851)
Compiled users.js  (56ms)  (pid 21851)
Compiled welcome.js  (1ms)  (pid 21851)
Compiled application.js  (69ms)  (pid 21851)
WARNING on line 5 of /home/ror/webletess/app/assets/stylesheets/application/base.sass:
This selector doesn't have any properties and will not be rendered.
WARNING on line 11 of /home/ror/webletess/app/assets/stylesheets/application/base.sass:
This selector doesn't have any properties and will not be rendered.
WARNING on line 14 of /home/ror/webletess/app/assets/stylesheets/application/base.sass:
This selector doesn't have any properties and will not be rendered.
WARNING on line 18 of /home/ror/webletess/app/assets/stylesheets/application/base.sass:
This selector doesn't have any properties and will not be rendered.
WARNING on line 24 of /home/ror/webletess/app/assets/stylesheets/application/base.sass:
This selector doesn't have any properties and will not be rendered.
WARNING on line 31 of /home/ror/webletess/app/assets/stylesheets/application/base.sass:
This selector doesn't have any properties and will not be rendered.
Compiled bootstrap.css  (0ms)  (pid 21851)
Compiled jquery.js  (1ms)  (pid 21873)
Compiled jquery_ujs.js  (0ms)  (pid 21873)
Compiled users.js  (56ms)  (pid 21873)
Compiled welcome.js  (1ms)  (pid 21873)
Compiled application.js  (70ms)  (pid 21873)
WARNING on line 5 of /home/ror/webletess/app/assets/stylesheets/application/base.sass:
This selector doesn't have any properties and will not be rendered.
WARNING on line 11 of /home/ror/webletess/app/assets/stylesheets/application/base.sass:
This selector doesn't have any properties and will not be rendered.
WARNING on line 14 of /home/ror/webletess/app/assets/stylesheets/application/base.sass:
This selector doesn't have any properties and will not be rendered.
Compiled jquery.js  (1ms)  (pid 21893)
Compiled jquery_ujs.js  (0ms)  (pid 21893)
Compiled users.js  (55ms)  (pid 21893)
Compiled welcome.js  (1ms)  (pid 21893)
Compiled application.js  (69ms)  (pid 21893)
WARNING on line 11 of /home/ror/webletess/app/assets/stylesheets/application/base.sass:
This selector doesn't have any properties and will not be rendered.
WARNING on line 14 of /home/ror/webletess/app/assets/stylesheets/application/base.sass:
This selector doesn't have any properties and will not be rendered.
Compiled jquery.js  (1ms)  (pid 21910)
Compiled jquery_ujs.js  (0ms)  (pid 21910)
Compiled users.js  (57ms)  (pid 21910)
Compiled welcome.js  (1ms)  (pid 21910)
Compiled application.js  (71ms)  (pid 21910)
Compiled bootstrap.css  (0ms)  (pid 21910)
Compiled application/base.css  (359ms)  (pid 21910)
Compiled application/modules/header.css  (945ms)  (pid 21910)
Compiled application/modules/role.css  (1ms)  (pid 21910)
Compiled styles.css  (0ms)  (pid 21910)
Compiled users.css  (1ms)  (pid 21910)
Compiled welcome.css  (47ms)  (pid 21910)
Compiled application.css  (1385ms)  (pid 21910)
Compiled jquery.js  (1ms)  (pid 21929)
Compiled jquery_ujs.js  (0ms)  (pid 21929)
Compiled users.js  (56ms)  (pid 21929)
Compiled welcome.js  (1ms)  (pid 21929)
Compiled application.js  (70ms)  (pid 21929)
Compiled bootstrap.css  (0ms)  (pid 21929)
Compiled application/base.css  (360ms)  (pid 21929)
Compiled application/modules/header.css  (908ms)  (pid 21929)
Compiled application/modules/role.css  (1ms)  (pid 21929)
Compiled styles.css  (0ms)  (pid 21929)
Compiled users.css  (1ms)  (pid 21929)
Compiled welcome.css  (47ms)  (pid 21929)
Compiled application.css  (1352ms)  (pid 21929)
Compiled jquery.js  (1ms)  (pid 21947)
Compiled jquery_ujs.js  (0ms)  (pid 21947)
Compiled users.js  (57ms)  (pid 21947)
Compiled welcome.js  (1ms)  (pid 21947)
Compiled application.js  (71ms)  (pid 21947)
Compiled application.css  (0ms)  (pid 21947)
Compiled jquery.js  (1ms)  (pid 21947)
Compiled jquery_ujs.js  (0ms)  (pid 21947)
Compiled users.js  (55ms)  (pid 21947)
Compiled welcome.js  (1ms)  (pid 21947)
Compiled application.js  (69ms)  (pid 21947)
Compiled application.css  (0ms)  (pid 21947)
Compiled jquery.js  (1ms)  (pid 21968)
Compiled jquery_ujs.js  (0ms)  (pid 21968)
Compiled users.js  (55ms)  (pid 21968)
Compiled welcome.js  (1ms)  (pid 21968)
Compiled application.js  (69ms)  (pid 21968)
Compiled bootstrap.css  (0ms)  (pid 21968)
Compiled application/base.css  (357ms)  (pid 21968)
Compiled application/modules/header.css  (937ms)  (pid 21968)
Compiled application/modules/role.css  (1ms)  (pid 21968)
Compiled styles.css  (0ms)  (pid 21968)
Compiled users.css  (1ms)  (pid 21968)
Compiled welcome.css  (46ms)  (pid 21968)
Compiled application.css  (1356ms)  (pid 21968)
Compiled jquery.js  (1ms)  (pid 22080)
Compiled jquery_ujs.js  (0ms)  (pid 22080)
Compiled users.js  (56ms)  (pid 22080)
Compiled welcome.js  (1ms)  (pid 22080)
Compiled application.js  (70ms)  (pid 22080)
Compiled bootstrap.css  (0ms)  (pid 22080)
Compiled styles.css  (0ms)  (pid 22080)
Compiled users.css  (6ms)  (pid 22080)
Compiled welcome.css  (353ms)  (pid 22080)
Compiled application.css  (368ms)  (pid 22080)
Compiled jquery.js  (1ms)  (pid 22098)
Compiled jquery_ujs.js  (0ms)  (pid 22098)
Compiled users.js  (56ms)  (pid 22098)
Compiled welcome.js  (1ms)  (pid 22098)
Compiled application.js  (70ms)  (pid 22098)
Compiled bootstrap.css  (0ms)  (pid 22098)
Compiled styles.css  (0ms)  (pid 22098)
Compiled welcome.css  (0ms)  (pid 22098)
Compiled application.css  (6ms)  (pid 22098)
Compiled jquery.js  (1ms)  (pid 22122)
Compiled jquery_ujs.js  (0ms)  (pid 22122)
Compiled users.js  (56ms)  (pid 22122)
Compiled welcome.js  (1ms)  (pid 22122)
Compiled application.js  (70ms)  (pid 22122)
Compiled styles.css  (0ms)  (pid 22122)
Compiled welcome.css  (0ms)  (pid 22122)
Compiled application.css  (4ms)  (pid 22122)
Compiled jquery.js  (1ms)  (pid 22459)
Compiled jquery_ujs.js  (0ms)  (pid 22459)
Compiled users.js  (56ms)  (pid 22459)
Compiled welcome.js  (1ms)  (pid 22459)
Compiled application.js  (70ms)  (pid 22459)
Compiled jquery.js  (1ms)  (pid 23369)
Compiled jquery_ujs.js  (0ms)  (pid 23369)
Compiled users.js  (106ms)  (pid 23369)
Compiled welcome.js  (1ms)  (pid 23369)
Compiled application.js  (120ms)  (pid 23369)
Compiled styles.css  (0ms)  (pid 23369)
Compiled application.css  (3ms)  (pid 23369)
Compiled jquery.js  (1ms)  (pid 23592)
Compiled jquery_ujs.js  (0ms)  (pid 23592)
Compiled users.js  (55ms)  (pid 23592)
Compiled welcome.js  (1ms)  (pid 23592)
Compiled application.js  (69ms)  (pid 23592)
Compiled bootstrap.css  (0ms)  (pid 23592)
Compiled application.css  (2ms)  (pid 23592)
Compiled jquery.js  (1ms)  (pid 23592)
Compiled jquery_ujs.js  (0ms)  (pid 23592)
Compiled users.js  (57ms)  (pid 23592)
Compiled welcome.js  (1ms)  (pid 23592)
Compiled application.js  (89ms)  (pid 23592)
Compiled bootstrap.css  (0ms)  (pid 23592)
Compiled application.css  (2ms)  (pid 23592)
Compiled jquery.js  (1ms)  (pid 23996)
Compiled jquery_ujs.js  (0ms)  (pid 23996)
Compiled users.js  (57ms)  (pid 23996)
Compiled welcome.js  (1ms)  (pid 23996)
Compiled application.js  (71ms)  (pid 23996)
Compiled bootstrap.css  (0ms)  (pid 23996)
Compiled styles.css  (0ms)  (pid 23996)
Compiled application.css  (5ms)  (pid 23996)
Compiled jquery.js  (20ms)  (pid 23996)
Compiled jquery_ujs.js  (0ms)  (pid 23996)
Compiled users.js  (63ms)  (pid 23996)
Compiled welcome.js  (1ms)  (pid 23996)
Compiled application.js  (97ms)  (pid 23996)
Compiled bootstrap.css  (0ms)  (pid 23996)
Compiled styles.css  (0ms)  (pid 23996)
Compiled application.css  (5ms)  (pid 23996)
Compiled jquery.js  (1ms)  (pid 24226)
Compiled jquery_ujs.js  (0ms)  (pid 24226)
Compiled users.js  (56ms)  (pid 24226)
Compiled welcome.js  (1ms)  (pid 24226)
Compiled application.js  (86ms)  (pid 24226)
Compiled bootstrap.css  (0ms)  (pid 24226)
Compiled styles.css  (0ms)  (pid 24226)
Compiled application.css  (5ms)  (pid 24226)
Compiled jquery.js  (1ms)  (pid 24397)
Compiled jquery_ujs.js  (0ms)  (pid 24397)
Compiled users.js  (56ms)  (pid 24397)
Compiled welcome.js  (1ms)  (pid 24397)
Compiled application.js  (70ms)  (pid 24397)
Compiled bootstrap.css  (0ms)  (pid 24397)
Compiled styles.css  (0ms)  (pid 24397)
Compiled application.css  (5ms)  (pid 24397)
Compiled jquery.js  (22ms)  (pid 24397)
Compiled jquery_ujs.js  (0ms)  (pid 24397)
Compiled users.js  (56ms)  (pid 24397)
Compiled welcome.js  (1ms)  (pid 24397)
Compiled application.js  (94ms)  (pid 24397)
Compiled bootstrap.css  (0ms)  (pid 24397)
Compiled styles.css  (0ms)  (pid 24397)
Compiled application.css  (5ms)  (pid 24397)
Compiled jquery.js  (1ms)  (pid 24417)
Compiled jquery_ujs.js  (0ms)  (pid 24417)
Compiled users.js  (73ms)  (pid 24417)
Compiled welcome.js  (1ms)  (pid 24417)
Compiled application.js  (87ms)  (pid 24417)
Compiled bootstrap.css  (0ms)  (pid 24417)
Compiled styles.css  (0ms)  (pid 24417)
Compiled application.css  (5ms)  (pid 24417)
Compiled jquery.js  (1ms)  (pid 24417)
Compiled jquery_ujs.js  (0ms)  (pid 24417)
Compiled users.js  (56ms)  (pid 24417)
Compiled welcome.js  (1ms)  (pid 24417)
Compiled application.js  (70ms)  (pid 24417)
Compiled bootstrap.css  (0ms)  (pid 24417)
Compiled styles.css  (0ms)  (pid 24417)
Compiled application.css  (5ms)  (pid 24417)
Compiled jquery.js  (1ms)  (pid 24439)
Compiled jquery_ujs.js  (16ms)  (pid 24439)
Compiled users.js  (57ms)  (pid 24439)
Compiled welcome.js  (1ms)  (pid 24439)
Compiled application.js  (87ms)  (pid 24439)
Compiled bootstrap.css  (0ms)  (pid 24439)
Compiled styles.css  (0ms)  (pid 24439)
Compiled application.css  (5ms)  (pid 24439)
Compiled jquery.js  (1ms)  (pid 24439)
Compiled jquery_ujs.js  (0ms)  (pid 24439)
Compiled users.js  (56ms)  (pid 24439)
Compiled welcome.js  (1ms)  (pid 24439)
Compiled application.js  (70ms)  (pid 24439)
Compiled bootstrap.css  (0ms)  (pid 24439)
Compiled styles.css  (0ms)  (pid 24439)
Compiled application.css  (5ms)  (pid 24439)
Compiled jquery.js  (18ms)  (pid 24574)
Compiled jquery_ujs.js  (0ms)  (pid 24574)
Compiled users.js  (56ms)  (pid 24574)
Compiled welcome.js  (1ms)  (pid 24574)
Compiled application.js  (88ms)  (pid 24574)
Compiled bootstrap.css  (0ms)  (pid 24574)
Compiled styles.css  (0ms)  (pid 24574)
Compiled application.css  (5ms)  (pid 24574)
Compiled jquery.js  (1ms)  (pid 24574)
Compiled jquery_ujs.js  (0ms)  (pid 24574)
Compiled users.js  (56ms)  (pid 24574)
Compiled welcome.js  (1ms)  (pid 24574)
Compiled application.js  (70ms)  (pid 24574)
Compiled bootstrap.css  (0ms)  (pid 24574)
Compiled styles.css  (0ms)  (pid 24574)
Compiled application.css  (5ms)  (pid 24574)
Compiled jquery.js  (1ms)  (pid 24689)
Compiled jquery_ujs.js  (0ms)  (pid 24689)
Compiled users.js  (56ms)  (pid 24689)
Compiled welcome.js  (1ms)  (pid 24689)
Compiled application.js  (87ms)  (pid 24689)
Compiled bootstrap.css  (0ms)  (pid 24689)
Compiled styles.css  (0ms)  (pid 24689)
Compiled application.css  (5ms)  (pid 24689)
Compiled jquery.js  (1ms)  (pid 24743)
Compiled jquery_ujs.js  (0ms)  (pid 24743)
Compiled users.js  (56ms)  (pid 24743)
Compiled welcome.js  (1ms)  (pid 24743)
Compiled application.js  (88ms)  (pid 24743)
Compiled bootstrap.css  (0ms)  (pid 24743)
Compiled styles.css  (0ms)  (pid 24743)
Compiled application.css  (5ms)  (pid 24743)
Compiled jquery.js  (1ms)  (pid 24743)
Compiled jquery_ujs.js  (0ms)  (pid 24743)
Compiled users.js  (56ms)  (pid 24743)
Compiled welcome.js  (1ms)  (pid 24743)
Compiled application.js  (70ms)  (pid 24743)
Compiled bootstrap.css  (0ms)  (pid 24743)
Compiled styles.css  (0ms)  (pid 24743)
Compiled application.css  (5ms)  (pid 24743)
Compiled jquery.js  (1ms)  (pid 24763)
Compiled jquery_ujs.js  (0ms)  (pid 24763)
Compiled users.js  (56ms)  (pid 24763)
Compiled welcome.js  (1ms)  (pid 24763)
Compiled application.js  (88ms)  (pid 24763)
Compiled bootstrap.css  (0ms)  (pid 24763)
Compiled styles.css  (0ms)  (pid 24763)
Compiled application.css  (5ms)  (pid 24763)
Compiled jquery.js  (1ms)  (pid 24763)
Compiled jquery_ujs.js  (0ms)  (pid 24763)
Compiled users.js  (57ms)  (pid 24763)
Compiled welcome.js  (1ms)  (pid 24763)
Compiled application.js  (88ms)  (pid 24763)
Compiled bootstrap.css  (0ms)  (pid 24763)
Compiled styles.css  (0ms)  (pid 24763)
Compiled application.css  (6ms)  (pid 24763)
Compiled jquery.js  (1ms)  (pid 24780)
Compiled jquery_ujs.js  (0ms)  (pid 24780)
Compiled users.js  (56ms)  (pid 24780)
Compiled welcome.js  (1ms)  (pid 24780)
Compiled application.js  (87ms)  (pid 24780)
Compiled bootstrap.css  (0ms)  (pid 24780)
Compiled styles.css  (0ms)  (pid 24780)
Compiled application.css  (5ms)  (pid 24780)
Compiled jquery.js  (1ms)  (pid 24780)
Compiled jquery_ujs.js  (0ms)  (pid 24780)
Compiled users.js  (58ms)  (pid 24780)
Compiled welcome.js  (1ms)  (pid 24780)
Compiled application.js  (89ms)  (pid 24780)
Compiled bootstrap.css  (0ms)  (pid 24780)
Compiled styles.css  (0ms)  (pid 24780)
Compiled application.css  (5ms)  (pid 24780)
Compiled jquery.js  (1ms)  (pid 24801)
Compiled jquery_ujs.js  (0ms)  (pid 24801)
Compiled users.js  (56ms)  (pid 24801)
Compiled welcome.js  (1ms)  (pid 24801)
Compiled application.js  (88ms)  (pid 24801)
Compiled bootstrap.css  (0ms)  (pid 24801)
Compiled styles.css  (0ms)  (pid 24801)
Compiled application.css  (5ms)  (pid 24801)
Compiled jquery.js  (1ms)  (pid 24801)
Compiled jquery_ujs.js  (0ms)  (pid 24801)
Compiled users.js  (58ms)  (pid 24801)
Compiled welcome.js  (1ms)  (pid 24801)
Compiled application.js  (90ms)  (pid 24801)
Compiled bootstrap.css  (0ms)  (pid 24801)
Compiled styles.css  (0ms)  (pid 24801)
Compiled application.css  (5ms)  (pid 24801)
Compiled jquery.js  (18ms)  (pid 24853)
Compiled jquery_ujs.js  (0ms)  (pid 24853)
Compiled users.js  (56ms)  (pid 24853)
Compiled welcome.js  (1ms)  (pid 24853)
Compiled application.js  (88ms)  (pid 24853)
Compiled bootstrap.css  (0ms)  (pid 24853)
Compiled styles.css  (0ms)  (pid 24853)
Compiled application.css  (5ms)  (pid 24853)
Compiled jquery.js  (1ms)  (pid 24853)
Compiled jquery_ujs.js  (0ms)  (pid 24853)
Compiled users.js  (56ms)  (pid 24853)
Compiled welcome.js  (1ms)  (pid 24853)
Compiled application.js  (87ms)  (pid 24853)
Compiled bootstrap.css  (0ms)  (pid 24853)
Compiled styles.css  (0ms)  (pid 24853)
Compiled application.css  (5ms)  (pid 24853)
Compiled jquery.js  (18ms)  (pid 24877)
Compiled jquery_ujs.js  (0ms)  (pid 24877)
Compiled users.js  (56ms)  (pid 24877)
Compiled welcome.js  (1ms)  (pid 24877)
Compiled application.js  (88ms)  (pid 24877)
Compiled bootstrap.css  (0ms)  (pid 24877)
Compiled styles.css  (0ms)  (pid 24877)
Compiled application.css  (5ms)  (pid 24877)
Compiled jquery.js  (19ms)  (pid 27252)
Compiled jquery_ujs.js  (0ms)  (pid 27252)
Compiled users.js  (55ms)  (pid 27252)
Compiled welcome.js  (1ms)  (pid 27252)
Compiled application.js  (88ms)  (pid 27252)
Compiled bootstrap.css  (0ms)  (pid 27252)
Compiled application/base.css  (359ms)  (pid 27252)
Compiled application/modules/header.css  (963ms)  (pid 27252)
Compiled application/modules/role.css  (1ms)  (pid 27252)
Compiled styles.css  (0ms)  (pid 27252)
Compiled users.css  (1ms)  (pid 27252)
Compiled welcome.css  (84ms)  (pid 27252)
Compiled application.css  (1423ms)  (pid 27252)
Compiled jquery.js  (1ms)  (pid 27623)
Compiled jquery_ujs.js  (0ms)  (pid 27623)
Compiled users.js  (55ms)  (pid 27623)
Compiled welcome.js  (1ms)  (pid 27623)
Compiled application.js  (69ms)  (pid 27623)
Compiled styles.css  (0ms)  (pid 27623)
Compiled application.css  (18ms)  (pid 27623)
Compiled jquery.js  (1ms)  (pid 28211)
Compiled jquery_ujs.js  (0ms)  (pid 28211)
Compiled users.js  (57ms)  (pid 28211)
Compiled welcome.js  (1ms)  (pid 28211)
Compiled application.js  (72ms)  (pid 28211)
Compiled styles.css  (0ms)  (pid 28211)
Compiled application.css  (18ms)  (pid 28211)
Compiled jquery.js  (1ms)  (pid 28460)
Compiled jquery_ujs.js  (0ms)  (pid 28460)
Compiled users.js  (56ms)  (pid 28460)
Compiled welcome.js  (1ms)  (pid 28460)
Compiled application.js  (70ms)  (pid 28460)
Compiled styles.css  (0ms)  (pid 28460)
Compiled application.css  (18ms)  (pid 28460)
Compiled jquery.js  (18ms)  (pid 28460)
Compiled jquery_ujs.js  (0ms)  (pid 28460)
Compiled users.js  (56ms)  (pid 28460)
Compiled welcome.js  (1ms)  (pid 28460)
Compiled application.js  (88ms)  (pid 28460)
Compiled styles.css  (0ms)  (pid 28460)
Compiled application.css  (3ms)  (pid 28460)
Compiled jquery.js  (1ms)  (pid 28488)
Compiled jquery_ujs.js  (0ms)  (pid 28488)
Compiled users.js  (56ms)  (pid 28488)
Compiled welcome.js  (1ms)  (pid 28488)
Compiled application.js  (70ms)  (pid 28488)
Compiled bootstrap.css  (0ms)  (pid 28488)
Compiled application/base.css  (452ms)  (pid 28488)
Compiled application/modules/header.css  (915ms)  (pid 28488)
Compiled application/modules/role.css  (13ms)  (pid 28488)
Compiled styles.css  (0ms)  (pid 28488)
Compiled users.css  (1ms)  (pid 28488)
Compiled welcome.css  (47ms)  (pid 28488)
Compiled application.css  (1464ms)  (pid 28488)
Compiled jquery.js  (18ms)  (pid 28488)
Compiled jquery_ujs.js  (0ms)  (pid 28488)
Compiled users.js  (58ms)  (pid 28488)
Compiled welcome.js  (1ms)  (pid 28488)
Compiled application.js  (90ms)  (pid 28488)
Compiled bootstrap.css  (0ms)  (pid 28488)
Compiled application/base.css  (356ms)  (pid 28488)
Compiled application/modules/header.css  (958ms)  (pid 28488)
Compiled application/modules/role.css  (1ms)  (pid 28488)
Compiled styles.css  (0ms)  (pid 28488)
Compiled users.css  (1ms)  (pid 28488)
Compiled welcome.css  (68ms)  (pid 28488)
Compiled application.css  (1398ms)  (pid 28488)
